{"contracts/__mocks__/Token.sol":{"l":{"12":6,"18":194,"22":394},"path":"/Users/maxtaylor/Documents/Labrys/aurox-token/contracts/__mocks__/Token.sol","s":{"1":6,"2":194,"3":394},"b":{},"f":{"1":18,"2":6,"3":194,"4":394},"fnMap":{"1":{"name":"constructor","line":8,"loc":{"start":{"line":8,"column":4},"end":{"line":8,"column":38}}},"2":{"name":"setAllowance","line":11,"loc":{"start":{"line":11,"column":4},"end":{"line":13,"column":4}}},"3":{"name":"increaseTokenAllowance","line":15,"loc":{"start":{"line":15,"column":4},"end":{"line":19,"column":4}}},"4":{"name":"mint","line":21,"loc":{"start":{"line":21,"column":4},"end":{"line":23,"column":4}}}},"statementMap":{"1":{"start":{"line":12,"column":8},"end":{"line":12,"column":62}},"2":{"start":{"line":18,"column":8},"end":{"line":18,"column":43}},"3":{"start":{"line":22,"column":8},"end":{"line":22,"column":31}}},"branchMap":{}},"contracts/Migrations.sol":{"l":{"9":0,"13":0,"17":0},"path":"/Users/maxtaylor/Documents/Labrys/aurox-token/contracts/Migrations.sol","s":{"1":0,"2":0},"b":{"1":[0,0]},"f":{"1":0,"2":0},"fnMap":{"1":{"name":"restricted","line":8,"loc":{"start":{"line":8,"column":4},"end":{"line":14,"column":4}}},"2":{"name":"setCompleted","line":16,"loc":{"start":{"line":16,"column":4},"end":{"line":18,"column":4}}}},"statementMap":{"1":{"start":{"line":9,"column":8},"end":{"line":9,"column":208}},"2":{"start":{"line":17,"column":8},"end":{"line":17,"column":43}}},"branchMap":{"1":{"line":9,"type":"if","locations":[{"start":{"line":9,"column":8},"end":{"line":9,"column":8}},{"start":{"line":9,"column":8},"end":{"line":9,"column":8}}]}}},"contracts/Provider/IProvider.sol":{"l":{},"path":"/Users/maxtaylor/Documents/Labrys/aurox-token/contracts/Provider/IProvider.sol","s":{},"b":{},"f":{},"fnMap":{},"statementMap":{},"branchMap":{}},"contracts/Provider/Provider.sol":{"l":{"57":0,"66":0,"67":0,"68":0,"69":0,"79":0,"83":0,"86":0,"100":0,"102":0,"110":0,"120":0,"131":0,"133":0,"134":0,"136":0,"148":0,"149":0,"152":0,"156":0,"164":0,"166":0,"169":0,"170":0,"172":0,"178":0,"179":0,"181":0,"183":0,"185":0,"190":0,"191":0,"194":0,"199":0,"203":0,"208":0,"209":0,"211":0,"213":0,"221":0,"222":0,"224":0,"226":0,"228":0,"231":0,"234":0,"238":0,"239":0,"242":0,"245":0,"246":0,"251":0,"254":0,"256":0,"261":0,"268":0,"273":0,"278":0,"284":0,"294":0,"296":0,"300":0,"305":0,"309":0,"313":0,"318":0,"324":0,"325":0,"327":0,"332":0,"337":0,"339":0,"347":0,"355":0,"366":0,"368":0,"369":0,"372":0,"374":0,"378":0,"381":0,"385":0,"391":0,"400":0,"413":0,"418":0,"423":0,"435":0,"443":0,"445":0,"460":0,"463":0,"464":0,"467":0,"469":0,"472":0,"477":0,"480":0,"483":0,"487":0,"489":0,"491":0,"493":0,"494":0,"497":0,"502":0,"506":0,"515":0,"518":0,"520":0,"521":0,"524":0,"529":0,"533":0,"540":0,"549":0,"552":0,"556":0,"557":0,"560":0,"561":0,"566":0,"574":0,"577":0,"582":0,"587":0,"591":0,"594":0,"595":0,"598":0,"600":0,"604":0,"605":0,"611":0,"619":0,"631":0,"635":0,"637":0,"639":0,"645":0,"647":0,"652":0,"656":0,"662":0,"667":0,"672":0,"675":0,"682":0,"688":0,"693":0,"694":0,"698":0,"699":0,"705":0,"709":0,"711":0,"715":0,"718":0,"723":0,"729":0,"732":0,"738":0,"744":0,"751":0,"754":0,"758":0,"759":0,"764":0,"768":0,"771":0,"773":0,"778":0,"781":0,"787":0,"793":0,"800":0,"801":0,"804":0,"806":0},"path":"/Users/maxtaylor/Documents/Labrys/aurox-token/contracts/Provider/Provider.sol","s":{"1":0,"2":0,"3":0,"4":0,"5":0,"6":0,"7":0,"8":0,"9":0,"10":0,"11":0,"12":0,"13":0,"14":0,"15":0,"16":0,"17":0,"18":0,"19":0,"20":0,"21":0,"22":0,"23":0,"24":0,"25":0,"26":0,"27":0,"28":0,"29":0,"30":0,"31":0,"32":0,"33":0,"34":0,"35":0,"36":0,"37":0,"38":0,"39":0,"40":0,"41":0,"42":0,"43":0,"44":0,"45":0,"46":0,"47":0,"48":0,"49":0,"50":0,"51":0,"52":0,"53":0,"54":0,"55":0,"56":0,"57":0,"58":0,"59":0,"60":0,"61":0,"62":0,"63":0,"64":0,"65":0,"66":0,"67":0,"68":0,"69":0,"70":0,"71":0,"72":0,"73":0,"74":0,"75":0,"76":0,"77":0,"78":0,"79":0,"80":0,"81":0,"82":0,"83":0,"84":0,"85":0,"86":0,"87":0,"88":0,"89":0,"90":0,"91":0,"92":0,"93":0,"94":0,"95":0,"96":0,"97":0,"98":0,"99":0,"100":0,"101":0,"102":0,"103":0,"104":0,"105":0,"106":0,"107":0,"108":0,"109":0,"110":0,"111":0,"112":0,"113":0,"114":0,"115":0,"116":0,"117":0,"118":0,"119":0,"120":0,"121":0,"122":0,"123":0,"124":0,"125":0,"126":0,"127":0,"128":0,"129":0,"130":0,"131":0,"132":0,"133":0,"134":0,"135":0,"136":0,"137":0,"138":0,"139":0,"140":0,"141":0,"142":0,"143":0,"144":0,"145":0,"146":0,"147":0,"148":0,"149":0,"150":0,"151":0,"152":0,"153":0,"154":0,"155":0,"156":0,"157":0,"158":0,"159":0,"160":0,"161":0,"162":0,"163":0,"164":0,"165":0,"166":0,"167":0,"168":0,"169":0,"170":0,"171":0,"172":0,"173":0,"174":0,"175":0,"176":0,"177":0,"178":0,"179":0,"180":0},"b":{"1":[0,0],"2":[0,0],"3":[0,0],"4":[0,0],"5":[0,0],"6":[0,0],"7":[0,0],"8":[0,0],"9":[0,0],"10":[0,0],"11":[0,0],"12":[0,0],"13":[0,0],"14":[0,0],"15":[0,0],"16":[0,0],"17":[0,0],"18":[0,0],"19":[0,0],"20":[0,0],"21":[0,0],"22":[0,0],"23":[0,0],"24":[0,0],"25":[0,0],"26":[0,0],"27":[0,0],"28":[0,0],"29":[0,0],"30":[0,0],"31":[0,0],"32":[0,0],"33":[0,0],"34":[0,0],"35":[0,0],"36":[0,0],"37":[0,0],"38":[0,0],"39":[0,0],"40":[0,0]},"f":{"1":0,"2":0,"3":0,"4":0,"5":0,"6":0,"7":0,"8":0,"9":0,"10":0,"11":0,"12":0,"13":0,"14":0,"15":0,"16":0,"17":0,"18":0,"19":0,"20":0,"21":0,"22":0,"23":0},"fnMap":{"1":{"name":null,"line":56,"loc":{"start":{"line":56,"column":4},"end":{"line":58,"column":4}}},"2":{"name":"constructor","line":60,"loc":{"start":{"line":60,"column":4},"end":{"line":70,"column":4}}},"3":{"name":"returnUsersInvestmentTotal","line":73,"loc":{"start":{"line":73,"column":4},"end":{"line":87,"column":4}}},"4":{"name":"returnUsersEpochTotals","line":90,"loc":{"start":{"line":90,"column":4},"end":{"line":107,"column":4}}},"5":{"name":"returnCurrentEpoch","line":109,"loc":{"start":{"line":109,"column":4},"end":{"line":111,"column":4}}},"6":{"name":"_returnEpochToTimestamp","line":113,"loc":{"start":{"line":113,"column":4},"end":{"line":121,"column":4}}},"7":{"name":"_getSecondsToEpochEnd","line":123,"loc":{"start":{"line":123,"column":4},"end":{"line":138,"column":4}}},"8":{"name":"returnTotalRewardForEpoch","line":142,"loc":{"start":{"line":142,"column":4},"end":{"line":157,"column":4}}},"9":{"name":"returnIfInFirstDayOfEpoch","line":159,"loc":{"start":{"line":159,"column":4},"end":{"line":174,"column":4}}},"10":{"name":"returnCurrentAPY","line":177,"loc":{"start":{"line":177,"column":4},"end":{"line":214,"column":4}}},"11":{"name":"_updateUserDetailsAndEpochAmounts","line":216,"loc":{"start":{"line":216,"column":4},"end":{"line":321,"column":4}}},"12":{"name":"addLiquidity","line":323,"loc":{"start":{"line":323,"column":4},"end":{"line":340,"column":4}}},"13":{"name":"returnGivenEpochEndTime","line":342,"loc":{"start":{"line":342,"column":4},"end":{"line":348,"column":4}}},"14":{"name":"returnGivenEpochStartTime","line":350,"loc":{"start":{"line":350,"column":4},"end":{"line":356,"column":4}}},"15":{"name":"_returnEpochClaimSeconds","line":359,"loc":{"start":{"line":359,"column":4},"end":{"line":386,"column":4}}},"16":{"name":"_returnEpochAmountIncludingShare","line":388,"loc":{"start":{"line":388,"column":4},"end":{"line":395,"column":4}}},"17":{"name":"_returnEpochAmountIncludingCurrentTotal","line":397,"loc":{"start":{"line":397,"column":4},"end":{"line":404,"column":4}}},"18":{"name":"_returnRewardAmount","line":406,"loc":{"start":{"line":406,"column":4},"end":{"line":424,"column":4}}},"19":{"name":"_calculateRewardShareForEpoch","line":426,"loc":{"start":{"line":426,"column":4},"end":{"line":452,"column":4}}},"20":{"name":"returnAllClaimableRewardAmounts","line":454,"loc":{"start":{"line":454,"column":4},"end":{"line":567,"column":4}}},"21":{"name":"claimRewards","line":572,"loc":{"start":{"line":569,"column":4},"end":{"line":625,"column":4}}},"22":{"name":"_returnClaimSecondsForPulledLiquidity","line":627,"loc":{"start":{"line":627,"column":4},"end":{"line":649,"column":4}}},"23":{"name":"removeLiquidity","line":651,"loc":{"start":{"line":651,"column":4},"end":{"line":811,"column":4}}}},"statementMap":{"1":{"start":{"line":57,"column":8},"end":{"line":57,"column":15}},"2":{"start":{"line":66,"column":8},"end":{"line":66,"column":31}},"3":{"start":{"line":67,"column":8},"end":{"line":67,"column":50}},"4":{"start":{"line":68,"column":8},"end":{"line":68,"column":46}},"5":{"start":{"line":69,"column":8},"end":{"line":69,"column":61}},"6":{"start":{"line":79,"column":8},"end":{"line":79,"column":2670}},"7":{"start":{"line":83,"column":8},"end":{"line":83,"column":2861}},"8":{"start":{"line":86,"column":8},"end":{"line":86,"column":32}},"9":{"start":{"line":100,"column":8},"end":{"line":100,"column":3366}},"10":{"start":{"line":102,"column":8},"end":{"line":102,"column":3458}},"11":{"start":{"line":110,"column":8},"end":{"line":110,"column":70}},"12":{"start":{"line":120,"column":8},"end":{"line":120,"column":64}},"13":{"start":{"line":131,"column":8},"end":{"line":131,"column":76}},"14":{"start":{"line":133,"column":8},"end":{"line":133,"column":4645}},"15":{"start":{"line":134,"column":12},"end":{"line":134,"column":20}},"16":{"start":{"line":136,"column":12},"end":{"line":136,"column":52}},"17":{"start":{"line":148,"column":8},"end":{"line":148,"column":5199}},"18":{"start":{"line":149,"column":12},"end":{"line":149,"column":28}},"19":{"start":{"line":152,"column":8},"end":{"line":152,"column":5299}},"20":{"start":{"line":156,"column":8},"end":{"line":156,"column":26}},"21":{"start":{"line":164,"column":8},"end":{"line":164,"column":71}},"22":{"start":{"line":166,"column":8},"end":{"line":166,"column":72}},"23":{"start":{"line":169,"column":8},"end":{"line":169,"column":5902}},"24":{"start":{"line":170,"column":12},"end":{"line":170,"column":23}},"25":{"start":{"line":172,"column":12},"end":{"line":172,"column":24}},"26":{"start":{"line":178,"column":8},"end":{"line":178,"column":51}},"27":{"start":{"line":179,"column":8},"end":{"line":179,"column":27}},"28":{"start":{"line":181,"column":8},"end":{"line":181,"column":6328}},"29":{"start":{"line":183,"column":12},"end":{"line":183,"column":62}},"30":{"start":{"line":185,"column":12},"end":{"line":185,"column":6587}},"31":{"start":{"line":190,"column":16},"end":{"line":190,"column":66}},"32":{"start":{"line":191,"column":16},"end":{"line":191,"column":57}},"33":{"start":{"line":194,"column":12},"end":{"line":194,"column":6961}},"34":{"start":{"line":199,"column":12},"end":{"line":199,"column":51}},"35":{"start":{"line":203,"column":8},"end":{"line":203,"column":7258}},"36":{"start":{"line":208,"column":8},"end":{"line":208,"column":7437}},"37":{"start":{"line":209,"column":12},"end":{"line":209,"column":38}},"38":{"start":{"line":211,"column":8},"end":{"line":211,"column":74}},"39":{"start":{"line":213,"column":8},"end":{"line":213,"column":23}},"40":{"start":{"line":221,"column":8},"end":{"line":221,"column":71}},"41":{"start":{"line":222,"column":8},"end":{"line":222,"column":71}},"42":{"start":{"line":224,"column":8},"end":{"line":224,"column":71}},"43":{"start":{"line":226,"column":8},"end":{"line":226,"column":8008}},"44":{"start":{"line":228,"column":12},"end":{"line":228,"column":70}},"45":{"start":{"line":231,"column":12},"end":{"line":231,"column":61}},"46":{"start":{"line":234,"column":8},"end":{"line":234,"column":8370}},"47":{"start":{"line":238,"column":8},"end":{"line":238,"column":8671}},"48":{"start":{"line":239,"column":12},"end":{"line":239,"column":65}},"49":{"start":{"line":242,"column":12},"end":{"line":242,"column":8928}},"50":{"start":{"line":245,"column":12},"end":{"line":245,"column":9055}},"51":{"start":{"line":246,"column":16},"end":{"line":246,"column":65}},"52":{"start":{"line":251,"column":8},"end":{"line":251,"column":76}},"53":{"start":{"line":254,"column":8},"end":{"line":254,"column":9550}},"54":{"start":{"line":256,"column":12},"end":{"line":256,"column":9709}},"55":{"start":{"line":261,"column":12},"end":{"line":261,"column":9962}},"56":{"start":{"line":268,"column":12},"end":{"line":268,"column":10348}},"57":{"start":{"line":273,"column":12},"end":{"line":273,"column":53}},"58":{"start":{"line":278,"column":8},"end":{"line":278,"column":10618}},"59":{"start":{"line":284,"column":8},"end":{"line":284,"column":10860}},"60":{"start":{"line":294,"column":8},"end":{"line":294,"column":11224}},"61":{"start":{"line":296,"column":12},"end":{"line":296,"column":11364}},"62":{"start":{"line":300,"column":12},"end":{"line":300,"column":11546}},"63":{"start":{"line":305,"column":12},"end":{"line":305,"column":11876}},"64":{"start":{"line":309,"column":12},"end":{"line":309,"column":41}},"65":{"start":{"line":313,"column":8},"end":{"line":313,"column":12125}},"66":{"start":{"line":318,"column":8},"end":{"line":318,"column":12332}},"67":{"start":{"line":324,"column":8},"end":{"line":324,"column":76}},"68":{"start":{"line":325,"column":8},"end":{"line":325,"column":53}},"69":{"start":{"line":327,"column":8},"end":{"line":327,"column":12661}},"70":{"start":{"line":332,"column":8},"end":{"line":332,"column":12917}},"71":{"start":{"line":337,"column":8},"end":{"line":337,"column":74}},"72":{"start":{"line":339,"column":8},"end":{"line":339,"column":63}},"73":{"start":{"line":347,"column":8},"end":{"line":347,"column":53}},"74":{"start":{"line":355,"column":8},"end":{"line":355,"column":60}},"75":{"start":{"line":366,"column":8},"end":{"line":366,"column":13924}},"76":{"start":{"line":368,"column":12},"end":{"line":368,"column":14097}},"77":{"start":{"line":369,"column":16},"end":{"line":369,"column":64}},"78":{"start":{"line":372,"column":12},"end":{"line":372,"column":74}},"79":{"start":{"line":374,"column":12},"end":{"line":374,"column":59}},"80":{"start":{"line":376,"column":15},"end":{"line":376,"column":14564}},"81":{"start":{"line":378,"column":12},"end":{"line":378,"column":70}},"82":{"start":{"line":381,"column":12},"end":{"line":381,"column":62}},"83":{"start":{"line":385,"column":8},"end":{"line":385,"column":26}},"84":{"start":{"line":391,"column":8},"end":{"line":391,"column":15300}},"85":{"start":{"line":400,"column":8},"end":{"line":400,"column":15606}},"86":{"start":{"line":413,"column":8},"end":{"line":413,"column":16115}},"87":{"start":{"line":418,"column":8},"end":{"line":418,"column":16345}},"88":{"start":{"line":423,"column":8},"end":{"line":423,"column":38}},"89":{"start":{"line":435,"column":8},"end":{"line":435,"column":16970}},"90":{"start":{"line":443,"column":8},"end":{"line":443,"column":68}},"91":{"start":{"line":445,"column":8},"end":{"line":445,"column":17266}},"92":{"start":{"line":460,"column":8},"end":{"line":460,"column":64}},"93":{"start":{"line":463,"column":8},"end":{"line":463,"column":17782}},"94":{"start":{"line":464,"column":12},"end":{"line":464,"column":25}},"95":{"start":{"line":467,"column":8},"end":{"line":467,"column":71}},"96":{"start":{"line":469,"column":8},"end":{"line":469,"column":27}},"97":{"start":{"line":472,"column":8},"end":{"line":472,"column":18052}},"98":{"start":{"line":477,"column":8},"end":{"line":477,"column":31}},"99":{"start":{"line":480,"column":8},"end":{"line":480,"column":33}},"100":{"start":{"line":483,"column":8},"end":{"line":483,"column":18441}},"101":{"start":{"line":487,"column":8},"end":{"line":487,"column":90}},"102":{"start":{"line":489,"column":8},"end":{"line":489,"column":18662}},"103":{"start":{"line":491,"column":12},"end":{"line":491,"column":18866}},"104":{"start":{"line":493,"column":16},"end":{"line":493,"column":19005}},"105":{"start":{"line":494,"column":20},"end":{"line":494,"column":59}},"106":{"start":{"line":497,"column":16},"end":{"line":497,"column":19253}},"107":{"start":{"line":502,"column":16},"end":{"line":502,"column":19573}},"108":{"start":{"line":506,"column":20},"end":{"line":506,"column":19735}},"109":{"start":{"line":515,"column":12},"end":{"line":515,"column":46}},"110":{"start":{"line":518,"column":12},"end":{"line":518,"column":20240}},"111":{"start":{"line":520,"column":16},"end":{"line":520,"column":20375}},"112":{"start":{"line":521,"column":20},"end":{"line":521,"column":66}},"113":{"start":{"line":524,"column":16},"end":{"line":524,"column":20602}},"114":{"start":{"line":529,"column":16},"end":{"line":529,"column":20913}},"115":{"start":{"line":533,"column":20},"end":{"line":533,"column":21084}},"116":{"start":{"line":540,"column":12},"end":{"line":540,"column":21333}},"117":{"start":{"line":549,"column":12},"end":{"line":549,"column":58}},"118":{"start":{"line":552,"column":8},"end":{"line":552,"column":21687}},"119":{"start":{"line":556,"column":8},"end":{"line":556,"column":21818}},"120":{"start":{"line":557,"column":12},"end":{"line":557,"column":47}},"121":{"start":{"line":560,"column":8},"end":{"line":560,"column":21931}},"122":{"start":{"line":561,"column":12},"end":{"line":561,"column":21991}},"123":{"start":{"line":566,"column":8},"end":{"line":566,"column":62}},"124":{"start":{"line":574,"column":8},"end":{"line":574,"column":71}},"125":{"start":{"line":577,"column":8},"end":{"line":577,"column":22472}},"126":{"start":{"line":582,"column":8},"end":{"line":582,"column":22674}},"127":{"start":{"line":587,"column":8},"end":{"line":587,"column":22860}},"128":{"start":{"line":591,"column":8},"end":{"line":591,"column":57}},"129":{"start":{"line":594,"column":8},"end":{"line":594,"column":23168}},"130":{"start":{"line":595,"column":12},"end":{"line":595,"column":18}},"131":{"start":{"line":598,"column":8},"end":{"line":598,"column":23239}},"132":{"start":{"line":600,"column":12},"end":{"line":600,"column":23381}},"133":{"start":{"line":604,"column":12},"end":{"line":604,"column":23509}},"134":{"start":{"line":605,"column":16},"end":{"line":605,"column":23561}},"135":{"start":{"line":611,"column":16},"end":{"line":611,"column":23784}},"136":{"start":{"line":619,"column":12},"end":{"line":619,"column":24083}},"137":{"start":{"line":631,"column":8},"end":{"line":631,"column":24409}},"138":{"start":{"line":635,"column":8},"end":{"line":635,"column":46}},"139":{"start":{"line":637,"column":8},"end":{"line":637,"column":24562}},"140":{"start":{"line":639,"column":12},"end":{"line":639,"column":24741}},"141":{"start":{"line":645,"column":12},"end":{"line":645,"column":75}},"142":{"start":{"line":647,"column":12},"end":{"line":647,"column":53}},"143":{"start":{"line":652,"column":8},"end":{"line":652,"column":71}},"144":{"start":{"line":656,"column":8},"end":{"line":656,"column":25468}},"145":{"start":{"line":662,"column":8},"end":{"line":662,"column":25670}},"146":{"start":{"line":667,"column":8},"end":{"line":667,"column":25876}},"147":{"start":{"line":672,"column":8},"end":{"line":672,"column":71}},"148":{"start":{"line":675,"column":8},"end":{"line":675,"column":26180}},"149":{"start":{"line":682,"column":8},"end":{"line":682,"column":26497}},"150":{"start":{"line":688,"column":8},"end":{"line":688,"column":26793}},"151":{"start":{"line":693,"column":8},"end":{"line":693,"column":27060}},"152":{"start":{"line":694,"column":12},"end":{"line":694,"column":43}},"153":{"start":{"line":698,"column":8},"end":{"line":698,"column":27296}},"154":{"start":{"line":699,"column":12},"end":{"line":699,"column":27424}},"155":{"start":{"line":705,"column":8},"end":{"line":705,"column":27760}},"156":{"start":{"line":709,"column":8},"end":{"line":709,"column":27905}},"157":{"start":{"line":711,"column":12},"end":{"line":711,"column":28095}},"158":{"start":{"line":715,"column":12},"end":{"line":715,"column":53}},"159":{"start":{"line":718,"column":12},"end":{"line":718,"column":28371}},"160":{"start":{"line":723,"column":16},"end":{"line":723,"column":28599}},"161":{"start":{"line":729,"column":16},"end":{"line":729,"column":77}},"162":{"start":{"line":732,"column":16},"end":{"line":732,"column":29037}},"163":{"start":{"line":738,"column":16},"end":{"line":738,"column":29439}},"164":{"start":{"line":744,"column":16},"end":{"line":744,"column":29735}},"165":{"start":{"line":751,"column":8},"end":{"line":751,"column":61}},"166":{"start":{"line":754,"column":8},"end":{"line":754,"column":30098}},"167":{"start":{"line":758,"column":8},"end":{"line":758,"column":30276}},"168":{"start":{"line":759,"column":12},"end":{"line":759,"column":30332}},"169":{"start":{"line":764,"column":12},"end":{"line":764,"column":30604}},"170":{"start":{"line":768,"column":12},"end":{"line":768,"column":41}},"171":{"start":{"line":771,"column":12},"end":{"line":771,"column":30849}},"172":{"start":{"line":773,"column":16},"end":{"line":773,"column":31007}},"173":{"start":{"line":778,"column":16},"end":{"line":778,"column":69}},"174":{"start":{"line":781,"column":16},"end":{"line":781,"column":31397}},"175":{"start":{"line":787,"column":16},"end":{"line":787,"column":31772}},"176":{"start":{"line":793,"column":16},"end":{"line":793,"column":32041}},"177":{"start":{"line":800,"column":8},"end":{"line":800,"column":32289}},"178":{"start":{"line":801,"column":12},"end":{"line":801,"column":59}},"179":{"start":{"line":804,"column":12},"end":{"line":804,"column":74}},"180":{"start":{"line":806,"column":12},"end":{"line":806,"column":32611}}},"branchMap":{"1":{"line":133,"type":"if","locations":[{"start":{"line":133,"column":8},"end":{"line":133,"column":8}},{"start":{"line":133,"column":8},"end":{"line":133,"column":8}}]},"2":{"line":148,"type":"if","locations":[{"start":{"line":148,"column":8},"end":{"line":148,"column":8}},{"start":{"line":148,"column":8},"end":{"line":148,"column":8}}]},"3":{"line":169,"type":"if","locations":[{"start":{"line":169,"column":8},"end":{"line":169,"column":8}},{"start":{"line":169,"column":8},"end":{"line":169,"column":8}}]},"4":{"line":181,"type":"if","locations":[{"start":{"line":181,"column":8},"end":{"line":181,"column":8}},{"start":{"line":181,"column":8},"end":{"line":181,"column":8}}]},"5":{"line":208,"type":"if","locations":[{"start":{"line":208,"column":8},"end":{"line":208,"column":8}},{"start":{"line":208,"column":8},"end":{"line":208,"column":8}}]},"6":{"line":226,"type":"if","locations":[{"start":{"line":226,"column":8},"end":{"line":226,"column":8}},{"start":{"line":226,"column":8},"end":{"line":226,"column":8}}]},"7":{"line":238,"type":"if","locations":[{"start":{"line":238,"column":8},"end":{"line":238,"column":8}},{"start":{"line":238,"column":8},"end":{"line":238,"column":8}}]},"8":{"line":245,"type":"if","locations":[{"start":{"line":245,"column":12},"end":{"line":245,"column":12}},{"start":{"line":245,"column":12},"end":{"line":245,"column":12}}]},"9":{"line":254,"type":"if","locations":[{"start":{"line":254,"column":8},"end":{"line":254,"column":8}},{"start":{"line":254,"column":8},"end":{"line":254,"column":8}}]},"10":{"line":294,"type":"if","locations":[{"start":{"line":294,"column":8},"end":{"line":294,"column":8}},{"start":{"line":294,"column":8},"end":{"line":294,"column":8}}]},"11":{"line":324,"type":"if","locations":[{"start":{"line":324,"column":8},"end":{"line":324,"column":8}},{"start":{"line":324,"column":8},"end":{"line":324,"column":8}}]},"12":{"line":325,"type":"if","locations":[{"start":{"line":325,"column":8},"end":{"line":325,"column":8}},{"start":{"line":325,"column":8},"end":{"line":325,"column":8}}]},"13":{"line":327,"type":"if","locations":[{"start":{"line":327,"column":8},"end":{"line":327,"column":8}},{"start":{"line":327,"column":8},"end":{"line":327,"column":8}}]},"14":{"line":332,"type":"if","locations":[{"start":{"line":332,"column":8},"end":{"line":332,"column":8}},{"start":{"line":332,"column":8},"end":{"line":332,"column":8}}]},"15":{"line":366,"type":"if","locations":[{"start":{"line":366,"column":8},"end":{"line":366,"column":8}},{"start":{"line":366,"column":8},"end":{"line":366,"column":8}}]},"16":{"line":368,"type":"if","locations":[{"start":{"line":368,"column":12},"end":{"line":368,"column":12}},{"start":{"line":368,"column":12},"end":{"line":368,"column":12}}]},"17":{"line":376,"type":"if","locations":[{"start":{"line":376,"column":15},"end":{"line":376,"column":15}},{"start":{"line":376,"column":15},"end":{"line":376,"column":15}}]},"18":{"line":463,"type":"if","locations":[{"start":{"line":463,"column":8},"end":{"line":463,"column":8}},{"start":{"line":463,"column":8},"end":{"line":463,"column":8}}]},"19":{"line":491,"type":"if","locations":[{"start":{"line":491,"column":12},"end":{"line":491,"column":12}},{"start":{"line":491,"column":12},"end":{"line":491,"column":12}}]},"20":{"line":493,"type":"if","locations":[{"start":{"line":493,"column":16},"end":{"line":493,"column":16}},{"start":{"line":493,"column":16},"end":{"line":493,"column":16}}]},"21":{"line":502,"type":"if","locations":[{"start":{"line":502,"column":16},"end":{"line":502,"column":16}},{"start":{"line":502,"column":16},"end":{"line":502,"column":16}}]},"22":{"line":515,"type":"if","locations":[{"start":{"line":515,"column":12},"end":{"line":515,"column":12}},{"start":{"line":515,"column":12},"end":{"line":515,"column":12}}]},"23":{"line":518,"type":"if","locations":[{"start":{"line":518,"column":12},"end":{"line":518,"column":12}},{"start":{"line":518,"column":12},"end":{"line":518,"column":12}}]},"24":{"line":520,"type":"if","locations":[{"start":{"line":520,"column":16},"end":{"line":520,"column":16}},{"start":{"line":520,"column":16},"end":{"line":520,"column":16}}]},"25":{"line":529,"type":"if","locations":[{"start":{"line":529,"column":16},"end":{"line":529,"column":16}},{"start":{"line":529,"column":16},"end":{"line":529,"column":16}}]},"26":{"line":556,"type":"if","locations":[{"start":{"line":556,"column":8},"end":{"line":556,"column":8}},{"start":{"line":556,"column":8},"end":{"line":556,"column":8}}]},"27":{"line":560,"type":"if","locations":[{"start":{"line":560,"column":8},"end":{"line":560,"column":8}},{"start":{"line":560,"column":8},"end":{"line":560,"column":8}}]},"28":{"line":577,"type":"if","locations":[{"start":{"line":577,"column":8},"end":{"line":577,"column":8}},{"start":{"line":577,"column":8},"end":{"line":577,"column":8}}]},"29":{"line":594,"type":"if","locations":[{"start":{"line":594,"column":8},"end":{"line":594,"column":8}},{"start":{"line":594,"column":8},"end":{"line":594,"column":8}}]},"30":{"line":598,"type":"if","locations":[{"start":{"line":598,"column":8},"end":{"line":598,"column":8}},{"start":{"line":598,"column":8},"end":{"line":598,"column":8}}]},"31":{"line":604,"type":"if","locations":[{"start":{"line":604,"column":12},"end":{"line":604,"column":12}},{"start":{"line":604,"column":12},"end":{"line":604,"column":12}}]},"32":{"line":637,"type":"if","locations":[{"start":{"line":637,"column":8},"end":{"line":637,"column":8}},{"start":{"line":637,"column":8},"end":{"line":637,"column":8}}]},"33":{"line":667,"type":"if","locations":[{"start":{"line":667,"column":8},"end":{"line":667,"column":8}},{"start":{"line":667,"column":8},"end":{"line":667,"column":8}}]},"34":{"line":693,"type":"if","locations":[{"start":{"line":693,"column":8},"end":{"line":693,"column":8}},{"start":{"line":693,"column":8},"end":{"line":693,"column":8}}]},"35":{"line":698,"type":"if","locations":[{"start":{"line":698,"column":8},"end":{"line":698,"column":8}},{"start":{"line":698,"column":8},"end":{"line":698,"column":8}}]},"36":{"line":709,"type":"if","locations":[{"start":{"line":709,"column":8},"end":{"line":709,"column":8}},{"start":{"line":709,"column":8},"end":{"line":709,"column":8}}]},"37":{"line":718,"type":"if","locations":[{"start":{"line":718,"column":12},"end":{"line":718,"column":12}},{"start":{"line":718,"column":12},"end":{"line":718,"column":12}}]},"38":{"line":758,"type":"if","locations":[{"start":{"line":758,"column":8},"end":{"line":758,"column":8}},{"start":{"line":758,"column":8},"end":{"line":758,"column":8}}]},"39":{"line":771,"type":"if","locations":[{"start":{"line":771,"column":12},"end":{"line":771,"column":12}},{"start":{"line":771,"column":12},"end":{"line":771,"column":12}}]},"40":{"line":800,"type":"if","locations":[{"start":{"line":800,"column":8},"end":{"line":800,"column":8}},{"start":{"line":800,"column":8},"end":{"line":800,"column":8}}]}}},"contracts/StakingMaster/IStakingMaster.sol":{"l":{},"path":"/Users/maxtaylor/Documents/Labrys/aurox-token/contracts/StakingMaster/IStakingMaster.sol","s":{},"b":{},"f":{},"fnMap":{},"statementMap":{},"branchMap":{}},"contracts/StakingMaster/StakingMaster.sol":{"l":{"59":0,"66":29,"68":29,"70":29,"71":30,"72":27,"76":29,"81":27,"88":18,"89":18,"94":0,"98":0,"108":0,"110":0,"112":0,"113":0,"117":0,"120":0,"130":0,"132":0,"133":0,"134":0,"138":0,"142":0,"151":194,"152":194,"154":194,"157":194,"160":194,"161":57,"164":194,"166":0,"169":0,"172":194,"182":14,"200":180,"202":180,"204":7626,"207":180,"209":180,"211":0,"220":180,"230":194,"231":180,"236":180,"238":14,"243":14,"253":194,"254":194,"255":194,"261":194,"264":194,"265":0,"268":194,"271":194,"274":0,"278":194,"284":194,"287":194,"288":14,"292":194,"294":194,"302":194,"305":194,"307":194,"312":194,"314":194,"320":194,"322":194,"324":194,"336":194,"339":194,"340":0,"347":194,"349":194,"370":194,"386":194,"388":194,"396":0,"401":0,"403":0,"407":0,"412":0,"415":0,"423":0,"428":0,"432":0,"443":0,"448":0,"456":0,"460":0,"465":0,"467":0,"471":0,"490":0,"493":0,"494":0,"512":0,"517":22,"518":22,"520":22,"521":23,"522":22,"523":22,"527":22,"528":2,"533":22,"543":0,"544":0,"547":0,"548":0,"552":0,"555":0,"562":0,"571":6,"574":6,"575":0,"579":6,"592":21,"595":21,"596":1,"600":20,"602":20,"607":20,"608":11,"611":9,"628":10,"630":10,"635":9,"637":6,"641":6,"643":6,"645":6,"648":6,"650":6,"653":9,"655":9,"657":9,"662":9,"663":6,"665":6,"675":16,"677":16,"679":16,"681":16,"688":16,"698":17,"700":17,"705":16,"708":16,"713":16,"715":16,"719":16,"721":16},"path":"/Users/maxtaylor/Documents/Labrys/aurox-token/contracts/StakingMaster/StakingMaster.sol","s":{"1":0,"2":29,"3":29,"4":29,"5":30,"6":27,"7":29,"8":18,"9":18,"10":0,"11":0,"12":0,"13":0,"14":0,"15":0,"16":0,"17":0,"18":0,"19":0,"20":0,"21":0,"22":0,"23":0,"24":194,"25":194,"26":194,"27":194,"28":194,"29":57,"30":194,"31":0,"32":194,"33":0,"34":194,"35":14,"36":180,"37":180,"38":7626,"39":180,"40":180,"41":0,"42":180,"43":194,"44":180,"45":180,"46":14,"47":14,"48":194,"49":194,"50":194,"51":194,"52":194,"53":0,"54":194,"55":194,"56":0,"57":194,"58":194,"59":194,"60":14,"61":194,"62":194,"63":194,"64":194,"65":194,"66":194,"67":194,"68":194,"69":194,"70":194,"71":194,"72":194,"73":0,"74":194,"75":194,"76":194,"77":194,"78":194,"79":0,"80":0,"81":0,"82":0,"83":0,"84":0,"85":0,"86":0,"87":0,"88":0,"89":0,"90":0,"91":0,"92":0,"93":0,"94":0,"95":0,"96":0,"97":0,"98":0,"99":22,"100":22,"101":22,"102":23,"103":22,"104":22,"105":2,"106":22,"107":0,"108":0,"109":0,"110":0,"111":0,"112":0,"113":0,"114":6,"115":6,"116":0,"117":6,"118":21,"119":21,"120":1,"121":20,"122":20,"123":20,"124":11,"125":9,"126":10,"127":10,"128":9,"129":6,"130":6,"131":6,"132":6,"133":6,"134":6,"135":9,"136":9,"137":9,"138":9,"139":6,"140":16,"141":16,"142":16,"143":16,"144":16,"145":17,"146":17,"147":16,"148":16,"149":16,"150":16,"151":16},"b":{"1":[27,3],"2":[27,2],"3":[0,0],"4":[0,0],"5":[57,137],"6":[0,194],"7":[0,194],"8":[0,180],"9":[180,14],"10":[194,0],"11":[194,0],"12":[194,0],"13":[0,194],"14":[0,194],"15":[14,180],"16":[194,0],"17":[194,0],"18":[194,0],"19":[0,194],"20":[0,0],"21":[0,0],"22":[0,0],"23":[0,0],"24":[22,1],"25":[2,20],"26":[0,0],"27":[0,6],"28":[1,20],"29":[11,9],"30":[9,1],"31":[6,3],"32":[6,3],"33":[16,1]},"f":{"1":0,"2":29,"3":18,"4":0,"5":0,"6":0,"7":194,"8":14,"9":180,"10":194,"11":194,"12":0,"13":0,"14":0,"15":22,"16":0,"17":6,"18":21,"19":10,"20":16,"21":17},"fnMap":{"1":{"name":null,"line":58,"loc":{"start":{"line":58,"column":4},"end":{"line":60,"column":4}}},"2":{"name":"onlyStakeOwner","line":65,"loc":{"start":{"line":65,"column":4},"end":{"line":82,"column":4}}},"3":{"name":"constructor","line":86,"loc":{"start":{"line":84,"column":4},"end":{"line":90,"column":4}}},"4":{"name":"setProviderAddress","line":93,"loc":{"start":{"line":93,"column":4},"end":{"line":99,"column":4}}},"5":{"name":"returnUsersTotalStakeValue","line":102,"loc":{"start":{"line":102,"column":4},"end":{"line":121,"column":4}}},"6":{"name":"returnValidUsersProviderStake","line":124,"loc":{"start":{"line":124,"column":4},"end":{"line":143,"column":4}}},"7":{"name":"returnInterestPercentage","line":146,"loc":{"start":{"line":146,"column":4},"end":{"line":173,"column":4}}},"8":{"name":"returnSimpleInterest","line":176,"loc":{"start":{"line":176,"column":4},"end":{"line":191,"column":4}}},"9":{"name":"returnCompoundInterest","line":194,"loc":{"start":{"line":194,"column":4},"end":{"line":221,"column":4}}},"10":{"name":"returnTotalInterestAmount","line":224,"loc":{"start":{"line":224,"column":4},"end":{"line":245,"column":4}}},"11":{"name":"createStaking","line":252,"loc":{"start":{"line":248,"column":4},"end":{"line":389,"column":4}}},"12":{"name":"addToStake","line":394,"loc":{"start":{"line":391,"column":4},"end":{"line":474,"column":4}}},"13":{"name":"returnStakeState","line":476,"loc":{"start":{"line":476,"column":4},"end":{"line":503,"column":4}}},"14":{"name":"returnUsersStakes","line":506,"loc":{"start":{"line":506,"column":4},"end":{"line":513,"column":4}}},"15":{"name":"removeUsersStake","line":516,"loc":{"start":{"line":516,"column":4},"end":{"line":534,"column":4}}},"16":{"name":"returnCurrentStakeValue","line":537,"loc":{"start":{"line":537,"column":4},"end":{"line":563,"column":4}}},"17":{"name":"returnStakesClaimablePoolRewards","line":565,"loc":{"start":{"line":565,"column":4},"end":{"line":583,"column":4}}},"18":{"name":"returnStakesClaimableRewards","line":586,"loc":{"start":{"line":586,"column":4},"end":{"line":619,"column":4}}},"19":{"name":"claimRewards","line":626,"loc":{"start":{"line":622,"column":4},"end":{"line":667,"column":4}}},"20":{"name":"returnClaimAmountForEarlyStakeClose","line":670,"loc":{"start":{"line":670,"column":4},"end":{"line":689,"column":4}}},"21":{"name":"closeStake","line":696,"loc":{"start":{"line":692,"column":4},"end":{"line":722,"column":4}}}},"statementMap":{"1":{"start":{"line":59,"column":8},"end":{"line":59,"column":15}},"2":{"start":{"line":66,"column":8},"end":{"line":66,"column":68}},"3":{"start":{"line":68,"column":8},"end":{"line":68,"column":26}},"4":{"start":{"line":70,"column":8},"end":{"line":70,"column":2361}},"5":{"start":{"line":71,"column":12},"end":{"line":71,"column":2438}},"6":{"start":{"line":72,"column":16},"end":{"line":72,"column":46}},"7":{"start":{"line":76,"column":8},"end":{"line":76,"column":2561}},"8":{"start":{"line":88,"column":8},"end":{"line":88,"column":41}},"9":{"start":{"line":89,"column":8},"end":{"line":89,"column":31}},"10":{"start":{"line":94,"column":8},"end":{"line":94,"column":3283}},"11":{"start":{"line":98,"column":8},"end":{"line":98,"column":41}},"12":{"start":{"line":108,"column":8},"end":{"line":108,"column":31}},"13":{"start":{"line":110,"column":8},"end":{"line":110,"column":61}},"14":{"start":{"line":112,"column":8},"end":{"line":112,"column":3807}},"15":{"start":{"line":113,"column":12},"end":{"line":113,"column":3885}},"16":{"start":{"line":117,"column":12},"end":{"line":117,"column":67}},"17":{"start":{"line":120,"column":8},"end":{"line":120,"column":30}},"18":{"start":{"line":130,"column":8},"end":{"line":130,"column":61}},"19":{"start":{"line":132,"column":8},"end":{"line":132,"column":4584}},"20":{"start":{"line":133,"column":12},"end":{"line":133,"column":53}},"21":{"start":{"line":134,"column":12},"end":{"line":134,"column":4716}},"22":{"start":{"line":138,"column":16},"end":{"line":138,"column":41}},"23":{"start":{"line":142,"column":8},"end":{"line":142,"column":25}},"24":{"start":{"line":151,"column":8},"end":{"line":151,"column":28}},"25":{"start":{"line":152,"column":8},"end":{"line":152,"column":60}},"26":{"start":{"line":154,"column":8},"end":{"line":154,"column":74}},"27":{"start":{"line":157,"column":8},"end":{"line":157,"column":44}},"28":{"start":{"line":160,"column":8},"end":{"line":160,"column":5719}},"29":{"start":{"line":161,"column":12},"end":{"line":161,"column":41}},"30":{"start":{"line":164,"column":8},"end":{"line":164,"column":5820}},"31":{"start":{"line":166,"column":12},"end":{"line":166,"column":63}},"32":{"start":{"line":167,"column":15},"end":{"line":167,"column":6006}},"33":{"start":{"line":169,"column":12},"end":{"line":169,"column":63}},"34":{"start":{"line":172,"column":8},"end":{"line":172,"column":27}},"35":{"start":{"line":182,"column":8},"end":{"line":182,"column":6595}},"36":{"start":{"line":200,"column":8},"end":{"line":200,"column":59}},"37":{"start":{"line":202,"column":8},"end":{"line":202,"column":7294}},"38":{"start":{"line":204,"column":12},"end":{"line":204,"column":69}},"39":{"start":{"line":207,"column":8},"end":{"line":207,"column":69}},"40":{"start":{"line":209,"column":8},"end":{"line":209,"column":7708}},"41":{"start":{"line":211,"column":12},"end":{"line":211,"column":7891}},"42":{"start":{"line":220,"column":8},"end":{"line":220,"column":22}},"43":{"start":{"line":230,"column":8},"end":{"line":230,"column":8518}},"44":{"start":{"line":231,"column":12},"end":{"line":231,"column":8554}},"45":{"start":{"line":236,"column":12},"end":{"line":236,"column":37}},"46":{"start":{"line":238,"column":12},"end":{"line":238,"column":8768}},"47":{"start":{"line":243,"column":12},"end":{"line":243,"column":37}},"48":{"start":{"line":253,"column":8},"end":{"line":253,"column":76}},"49":{"start":{"line":254,"column":8},"end":{"line":254,"column":70}},"50":{"start":{"line":255,"column":8},"end":{"line":255,"column":9325}},"51":{"start":{"line":261,"column":8},"end":{"line":261,"column":42}},"52":{"start":{"line":264,"column":8},"end":{"line":264,"column":9614}},"53":{"start":{"line":265,"column":12},"end":{"line":265,"column":39}},"54":{"start":{"line":268,"column":8},"end":{"line":268,"column":30}},"55":{"start":{"line":271,"column":8},"end":{"line":271,"column":9851}},"56":{"start":{"line":274,"column":12},"end":{"line":274,"column":27}},"57":{"start":{"line":278,"column":8},"end":{"line":278,"column":10049}},"58":{"start":{"line":284,"column":8},"end":{"line":284,"column":31}},"59":{"start":{"line":287,"column":8},"end":{"line":287,"column":10304}},"60":{"start":{"line":288,"column":12},"end":{"line":288,"column":30}},"61":{"start":{"line":292,"column":8},"end":{"line":292,"column":66}},"62":{"start":{"line":294,"column":8},"end":{"line":294,"column":10547}},"63":{"start":{"line":302,"column":8},"end":{"line":302,"column":10759}},"64":{"start":{"line":305,"column":12},"end":{"line":305,"column":76}},"65":{"start":{"line":307,"column":12},"end":{"line":307,"column":11044}},"66":{"start":{"line":312,"column":12},"end":{"line":312,"column":77}},"67":{"start":{"line":314,"column":12},"end":{"line":314,"column":11337}},"68":{"start":{"line":320,"column":8},"end":{"line":320,"column":51}},"69":{"start":{"line":322,"column":8},"end":{"line":322,"column":30}},"70":{"start":{"line":324,"column":8},"end":{"line":324,"column":61}},"71":{"start":{"line":336,"column":8},"end":{"line":336,"column":53}},"72":{"start":{"line":339,"column":8},"end":{"line":339,"column":12254}},"73":{"start":{"line":340,"column":12},"end":{"line":340,"column":12299}},"74":{"start":{"line":347,"column":12},"end":{"line":347,"column":76}},"75":{"start":{"line":349,"column":12},"end":{"line":349,"column":12621}},"76":{"start":{"line":370,"column":8},"end":{"line":370,"column":13251}},"77":{"start":{"line":386,"column":8},"end":{"line":386,"column":65}},"78":{"start":{"line":388,"column":8},"end":{"line":388,"column":47}},"79":{"start":{"line":396,"column":8},"end":{"line":396,"column":14010}},"80":{"start":{"line":401,"column":8},"end":{"line":401,"column":66}},"81":{"start":{"line":403,"column":8},"end":{"line":403,"column":14213}},"82":{"start":{"line":407,"column":8},"end":{"line":407,"column":14344}},"83":{"start":{"line":412,"column":8},"end":{"line":412,"column":79}},"84":{"start":{"line":415,"column":8},"end":{"line":415,"column":14749}},"85":{"start":{"line":423,"column":8},"end":{"line":423,"column":15023}},"86":{"start":{"line":428,"column":8},"end":{"line":428,"column":58}},"87":{"start":{"line":432,"column":8},"end":{"line":432,"column":15519}},"88":{"start":{"line":443,"column":8},"end":{"line":443,"column":15841}},"89":{"start":{"line":448,"column":8},"end":{"line":448,"column":16010}},"90":{"start":{"line":456,"column":8},"end":{"line":456,"column":60}},"91":{"start":{"line":460,"column":8},"end":{"line":460,"column":16582}},"92":{"start":{"line":465,"column":8},"end":{"line":465,"column":51}},"93":{"start":{"line":467,"column":8},"end":{"line":467,"column":16885}},"94":{"start":{"line":471,"column":8},"end":{"line":471,"column":16988}},"95":{"start":{"line":490,"column":8},"end":{"line":490,"column":55}},"96":{"start":{"line":493,"column":8},"end":{"line":493,"column":70}},"97":{"start":{"line":494,"column":8},"end":{"line":494,"column":17698}},"98":{"start":{"line":512,"column":8},"end":{"line":512,"column":37}},"99":{"start":{"line":517,"column":8},"end":{"line":517,"column":68}},"100":{"start":{"line":518,"column":8},"end":{"line":518,"column":19}},"101":{"start":{"line":520,"column":8},"end":{"line":520,"column":18685}},"102":{"start":{"line":521,"column":12},"end":{"line":521,"column":18752}},"103":{"start":{"line":522,"column":16},"end":{"line":522,"column":31}},"104":{"start":{"line":527,"column":8},"end":{"line":527,"column":18926}},"105":{"start":{"line":528,"column":12},"end":{"line":528,"column":18972}},"106":{"start":{"line":533,"column":8},"end":{"line":533,"column":42}},"107":{"start":{"line":543,"column":8},"end":{"line":543,"column":55}},"108":{"start":{"line":544,"column":8},"end":{"line":544,"column":42}},"109":{"start":{"line":547,"column":8},"end":{"line":547,"column":19542}},"110":{"start":{"line":548,"column":12},"end":{"line":548,"column":19602}},"111":{"start":{"line":552,"column":12},"end":{"line":552,"column":77}},"112":{"start":{"line":555,"column":8},"end":{"line":555,"column":19816}},"113":{"start":{"line":562,"column":8},"end":{"line":562,"column":49}},"114":{"start":{"line":571,"column":8},"end":{"line":571,"column":65}},"115":{"start":{"line":574,"column":8},"end":{"line":574,"column":20345}},"116":{"start":{"line":575,"column":12},"end":{"line":575,"column":20}},"117":{"start":{"line":579,"column":8},"end":{"line":579,"column":20481}},"118":{"start":{"line":592,"column":8},"end":{"line":592,"column":65}},"119":{"start":{"line":595,"column":8},"end":{"line":595,"column":20995}},"120":{"start":{"line":596,"column":12},"end":{"line":596,"column":20}},"121":{"start":{"line":600,"column":8},"end":{"line":600,"column":53}},"122":{"start":{"line":602,"column":8},"end":{"line":602,"column":21188}},"123":{"start":{"line":607,"column":8},"end":{"line":607,"column":21401}},"124":{"start":{"line":608,"column":12},"end":{"line":608,"column":76}},"125":{"start":{"line":611,"column":8},"end":{"line":611,"column":21572}},"126":{"start":{"line":628,"column":8},"end":{"line":628,"column":66}},"127":{"start":{"line":630,"column":8},"end":{"line":630,"column":22192}},"128":{"start":{"line":635,"column":8},"end":{"line":635,"column":22337}},"129":{"start":{"line":637,"column":12},"end":{"line":637,"column":22442}},"130":{"start":{"line":641,"column":12},"end":{"line":641,"column":72}},"131":{"start":{"line":643,"column":12},"end":{"line":643,"column":70}},"132":{"start":{"line":645,"column":12},"end":{"line":645,"column":52}},"133":{"start":{"line":648,"column":12},"end":{"line":648,"column":73}},"134":{"start":{"line":650,"column":12},"end":{"line":650,"column":72}},"135":{"start":{"line":653,"column":8},"end":{"line":653,"column":79}},"136":{"start":{"line":655,"column":8},"end":{"line":655,"column":61}},"137":{"start":{"line":657,"column":8},"end":{"line":657,"column":23172}},"138":{"start":{"line":662,"column":8},"end":{"line":662,"column":23415}},"139":{"start":{"line":663,"column":12},"end":{"line":663,"column":44}},"140":{"start":{"line":675,"column":8},"end":{"line":675,"column":55}},"141":{"start":{"line":677,"column":8},"end":{"line":677,"column":77}},"142":{"start":{"line":679,"column":8},"end":{"line":679,"column":77}},"143":{"start":{"line":681,"column":8},"end":{"line":681,"column":24090}},"144":{"start":{"line":688,"column":8},"end":{"line":688,"column":56}},"145":{"start":{"line":698,"column":8},"end":{"line":698,"column":66}},"146":{"start":{"line":700,"column":8},"end":{"line":700,"column":24694}},"147":{"start":{"line":705,"column":8},"end":{"line":705,"column":69}},"148":{"start":{"line":708,"column":8},"end":{"line":708,"column":24944}},"149":{"start":{"line":713,"column":8},"end":{"line":713,"column":57}},"150":{"start":{"line":715,"column":8},"end":{"line":715,"column":25159}},"151":{"start":{"line":719,"column":8},"end":{"line":719,"column":40}}},"branchMap":{"1":{"line":71,"type":"if","locations":[{"start":{"line":71,"column":12},"end":{"line":71,"column":12}},{"start":{"line":71,"column":12},"end":{"line":71,"column":12}}]},"2":{"line":76,"type":"if","locations":[{"start":{"line":76,"column":8},"end":{"line":76,"column":8}},{"start":{"line":76,"column":8},"end":{"line":76,"column":8}}]},"3":{"line":94,"type":"if","locations":[{"start":{"line":94,"column":8},"end":{"line":94,"column":8}},{"start":{"line":94,"column":8},"end":{"line":94,"column":8}}]},"4":{"line":134,"type":"if","locations":[{"start":{"line":134,"column":12},"end":{"line":134,"column":12}},{"start":{"line":134,"column":12},"end":{"line":134,"column":12}}]},"5":{"line":160,"type":"if","locations":[{"start":{"line":160,"column":8},"end":{"line":160,"column":8}},{"start":{"line":160,"column":8},"end":{"line":160,"column":8}}]},"6":{"line":164,"type":"if","locations":[{"start":{"line":164,"column":8},"end":{"line":164,"column":8}},{"start":{"line":164,"column":8},"end":{"line":164,"column":8}}]},"7":{"line":167,"type":"if","locations":[{"start":{"line":167,"column":15},"end":{"line":167,"column":15}},{"start":{"line":167,"column":15},"end":{"line":167,"column":15}}]},"8":{"line":209,"type":"if","locations":[{"start":{"line":209,"column":8},"end":{"line":209,"column":8}},{"start":{"line":209,"column":8},"end":{"line":209,"column":8}}]},"9":{"line":230,"type":"if","locations":[{"start":{"line":230,"column":8},"end":{"line":230,"column":8}},{"start":{"line":230,"column":8},"end":{"line":230,"column":8}}]},"10":{"line":253,"type":"if","locations":[{"start":{"line":253,"column":8},"end":{"line":253,"column":8}},{"start":{"line":253,"column":8},"end":{"line":253,"column":8}}]},"11":{"line":254,"type":"if","locations":[{"start":{"line":254,"column":8},"end":{"line":254,"column":8}},{"start":{"line":254,"column":8},"end":{"line":254,"column":8}}]},"12":{"line":255,"type":"if","locations":[{"start":{"line":255,"column":8},"end":{"line":255,"column":8}},{"start":{"line":255,"column":8},"end":{"line":255,"column":8}}]},"13":{"line":264,"type":"if","locations":[{"start":{"line":264,"column":8},"end":{"line":264,"column":8}},{"start":{"line":264,"column":8},"end":{"line":264,"column":8}}]},"14":{"line":271,"type":"if","locations":[{"start":{"line":271,"column":8},"end":{"line":271,"column":8}},{"start":{"line":271,"column":8},"end":{"line":271,"column":8}}]},"15":{"line":287,"type":"if","locations":[{"start":{"line":287,"column":8},"end":{"line":287,"column":8}},{"start":{"line":287,"column":8},"end":{"line":287,"column":8}}]},"16":{"line":302,"type":"if","locations":[{"start":{"line":302,"column":8},"end":{"line":302,"column":8}},{"start":{"line":302,"column":8},"end":{"line":302,"column":8}}]},"17":{"line":307,"type":"if","locations":[{"start":{"line":307,"column":12},"end":{"line":307,"column":12}},{"start":{"line":307,"column":12},"end":{"line":307,"column":12}}]},"18":{"line":314,"type":"if","locations":[{"start":{"line":314,"column":12},"end":{"line":314,"column":12}},{"start":{"line":314,"column":12},"end":{"line":314,"column":12}}]},"19":{"line":339,"type":"if","locations":[{"start":{"line":339,"column":8},"end":{"line":339,"column":8}},{"start":{"line":339,"column":8},"end":{"line":339,"column":8}}]},"20":{"line":396,"type":"if","locations":[{"start":{"line":396,"column":8},"end":{"line":396,"column":8}},{"start":{"line":396,"column":8},"end":{"line":396,"column":8}}]},"21":{"line":403,"type":"if","locations":[{"start":{"line":403,"column":8},"end":{"line":403,"column":8}},{"start":{"line":403,"column":8},"end":{"line":403,"column":8}}]},"22":{"line":407,"type":"if","locations":[{"start":{"line":407,"column":8},"end":{"line":407,"column":8}},{"start":{"line":407,"column":8},"end":{"line":407,"column":8}}]},"23":{"line":423,"type":"if","locations":[{"start":{"line":423,"column":8},"end":{"line":423,"column":8}},{"start":{"line":423,"column":8},"end":{"line":423,"column":8}}]},"24":{"line":521,"type":"if","locations":[{"start":{"line":521,"column":12},"end":{"line":521,"column":12}},{"start":{"line":521,"column":12},"end":{"line":521,"column":12}}]},"25":{"line":527,"type":"if","locations":[{"start":{"line":527,"column":8},"end":{"line":527,"column":8}},{"start":{"line":527,"column":8},"end":{"line":527,"column":8}}]},"26":{"line":547,"type":"if","locations":[{"start":{"line":547,"column":8},"end":{"line":547,"column":8}},{"start":{"line":547,"column":8},"end":{"line":547,"column":8}}]},"27":{"line":574,"type":"if","locations":[{"start":{"line":574,"column":8},"end":{"line":574,"column":8}},{"start":{"line":574,"column":8},"end":{"line":574,"column":8}}]},"28":{"line":595,"type":"if","locations":[{"start":{"line":595,"column":8},"end":{"line":595,"column":8}},{"start":{"line":595,"column":8},"end":{"line":595,"column":8}}]},"29":{"line":607,"type":"if","locations":[{"start":{"line":607,"column":8},"end":{"line":607,"column":8}},{"start":{"line":607,"column":8},"end":{"line":607,"column":8}}]},"30":{"line":630,"type":"if","locations":[{"start":{"line":630,"column":8},"end":{"line":630,"column":8}},{"start":{"line":630,"column":8},"end":{"line":630,"column":8}}]},"31":{"line":635,"type":"if","locations":[{"start":{"line":635,"column":8},"end":{"line":635,"column":8}},{"start":{"line":635,"column":8},"end":{"line":635,"column":8}}]},"32":{"line":662,"type":"if","locations":[{"start":{"line":662,"column":8},"end":{"line":662,"column":8}},{"start":{"line":662,"column":8},"end":{"line":662,"column":8}}]},"33":{"line":700,"type":"if","locations":[{"start":{"line":700,"column":8},"end":{"line":700,"column":8}},{"start":{"line":700,"column":8},"end":{"line":700,"column":8}}]}}},"contracts/StakingMaster/StakingState.sol":{"l":{},"path":"/Users/maxtaylor/Documents/Labrys/aurox-token/contracts/StakingMaster/StakingState.sol","s":{},"b":{},"f":{},"fnMap":{},"statementMap":{},"branchMap":{}},"contracts/StakingMaster/StakingTest.sol":{"l":{},"path":"/Users/maxtaylor/Documents/Labrys/aurox-token/contracts/StakingMaster/StakingTest.sol","s":{},"b":{},"f":{},"fnMap":{},"statementMap":{},"branchMap":{}},"contracts/StakingMaster/Vesting.sol":{"l":{},"path":"/Users/maxtaylor/Documents/Labrys/aurox-token/contracts/StakingMaster/Vesting.sol","s":{},"b":{},"f":{"1":18},"fnMap":{"1":{"name":"constructor","line":11,"loc":{"start":{"line":11,"column":4},"end":{"line":11,"column":19}}}},"statementMap":{},"branchMap":{}},"contracts/TestHelpers/ERC20.sol":{"l":{"53":0,"54":0,"55":0,"62":0,"70":0,"87":0,"94":0,"101":0,"117":0,"118":0,"130":0,"145":0,"146":0,"166":0,"167":0,"175":0,"194":0,"199":0,"220":0,"228":0,"250":0,"251":0,"253":0,"257":0,"258":0,"271":0,"273":0,"274":0,"275":0,"290":0,"292":0,"296":0,"297":0,"318":0,"319":0,"321":0,"322":0,"332":0,"333":0},"path":"/Users/maxtaylor/Documents/Labrys/aurox-token/contracts/TestHelpers/ERC20.sol","s":{"1":0,"2":0,"3":0,"4":0,"5":0,"6":0,"7":0,"8":0,"9":0,"10":0,"11":0,"12":0,"13":0,"14":0,"15":0,"16":0,"17":0,"18":0,"19":0,"20":0,"21":0,"22":0,"23":0,"24":0,"25":0,"26":0,"27":0,"28":0,"29":0,"30":0,"31":0,"32":0,"33":0,"34":0,"35":0,"36":0,"37":0,"38":0,"39":0},"b":{"1":[0,0],"2":[0,0],"3":[0,0],"4":[0,0],"5":[0,0],"6":[0,0]},"f":{"1":0,"2":0,"3":0,"4":0,"5":0,"6":0,"7":0,"8":0,"9":0,"10":0,"11":0,"12":0,"13":0,"14":0,"15":0,"16":0,"17":0},"fnMap":{"1":{"name":"constructor","line":52,"loc":{"start":{"line":52,"column":4},"end":{"line":56,"column":4}}},"2":{"name":"name","line":61,"loc":{"start":{"line":61,"column":4},"end":{"line":63,"column":4}}},"3":{"name":"symbol","line":69,"loc":{"start":{"line":69,"column":4},"end":{"line":71,"column":4}}},"4":{"name":"decimals","line":86,"loc":{"start":{"line":86,"column":4},"end":{"line":88,"column":4}}},"5":{"name":"totalSupply","line":93,"loc":{"start":{"line":93,"column":4},"end":{"line":95,"column":4}}},"6":{"name":"balanceOf","line":100,"loc":{"start":{"line":100,"column":4},"end":{"line":102,"column":4}}},"7":{"name":"transfer","line":112,"loc":{"start":{"line":112,"column":4},"end":{"line":119,"column":4}}},"8":{"name":"allowance","line":124,"loc":{"start":{"line":124,"column":4},"end":{"line":131,"column":4}}},"9":{"name":"approve","line":140,"loc":{"start":{"line":140,"column":4},"end":{"line":147,"column":4}}},"10":{"name":"transferFrom","line":161,"loc":{"start":{"line":161,"column":4},"end":{"line":176,"column":4}}},"11":{"name":"increaseAllowance","line":190,"loc":{"start":{"line":190,"column":4},"end":{"line":200,"column":4}}},"12":{"name":"decreaseAllowance","line":216,"loc":{"start":{"line":216,"column":4},"end":{"line":229,"column":4}}},"13":{"name":"_transfer","line":245,"loc":{"start":{"line":245,"column":4},"end":{"line":259,"column":4}}},"14":{"name":"_mint","line":270,"loc":{"start":{"line":270,"column":4},"end":{"line":276,"column":4}}},"15":{"name":"_burn","line":289,"loc":{"start":{"line":289,"column":4},"end":{"line":298,"column":4}}},"16":{"name":"_approve","line":313,"loc":{"start":{"line":313,"column":4},"end":{"line":323,"column":4}}},"17":{"name":"_burnFrom","line":331,"loc":{"start":{"line":331,"column":4},"end":{"line":341,"column":4}}}},"statementMap":{"1":{"start":{"line":53,"column":8},"end":{"line":53,"column":20}},"2":{"start":{"line":54,"column":8},"end":{"line":54,"column":24}},"3":{"start":{"line":55,"column":8},"end":{"line":55,"column":21}},"4":{"start":{"line":62,"column":8},"end":{"line":62,"column":20}},"5":{"start":{"line":70,"column":8},"end":{"line":70,"column":22}},"6":{"start":{"line":87,"column":8},"end":{"line":87,"column":24}},"7":{"start":{"line":94,"column":8},"end":{"line":94,"column":27}},"8":{"start":{"line":101,"column":8},"end":{"line":101,"column":33}},"9":{"start":{"line":117,"column":8},"end":{"line":117,"column":49}},"10":{"start":{"line":118,"column":8},"end":{"line":118,"column":19}},"11":{"start":{"line":130,"column":8},"end":{"line":130,"column":42}},"12":{"start":{"line":145,"column":8},"end":{"line":145,"column":46}},"13":{"start":{"line":146,"column":8},"end":{"line":146,"column":19}},"14":{"start":{"line":166,"column":8},"end":{"line":166,"column":43}},"15":{"start":{"line":167,"column":8},"end":{"line":167,"column":5130}},"16":{"start":{"line":175,"column":8},"end":{"line":175,"column":19}},"17":{"start":{"line":194,"column":8},"end":{"line":194,"column":5882}},"18":{"start":{"line":199,"column":8},"end":{"line":199,"column":19}},"19":{"start":{"line":220,"column":8},"end":{"line":220,"column":6647}},"20":{"start":{"line":228,"column":8},"end":{"line":228,"column":19}},"21":{"start":{"line":250,"column":8},"end":{"line":250,"column":77}},"22":{"start":{"line":251,"column":8},"end":{"line":251,"column":78}},"23":{"start":{"line":253,"column":8},"end":{"line":253,"column":7651}},"24":{"start":{"line":257,"column":8},"end":{"line":257,"column":62}},"25":{"start":{"line":258,"column":8},"end":{"line":258,"column":48}},"26":{"start":{"line":271,"column":8},"end":{"line":271,"column":72}},"27":{"start":{"line":273,"column":8},"end":{"line":273,"column":46}},"28":{"start":{"line":274,"column":8},"end":{"line":274,"column":58}},"29":{"start":{"line":275,"column":8},"end":{"line":275,"column":50}},"30":{"start":{"line":290,"column":8},"end":{"line":290,"column":74}},"31":{"start":{"line":292,"column":8},"end":{"line":292,"column":8934}},"32":{"start":{"line":296,"column":8},"end":{"line":296,"column":46}},"33":{"start":{"line":297,"column":8},"end":{"line":297,"column":50}},"34":{"start":{"line":318,"column":8},"end":{"line":318,"column":75}},"35":{"start":{"line":319,"column":8},"end":{"line":319,"column":75}},"36":{"start":{"line":321,"column":8},"end":{"line":321,"column":43}},"37":{"start":{"line":322,"column":8},"end":{"line":322,"column":45}},"38":{"start":{"line":332,"column":8},"end":{"line":332,"column":29}},"39":{"start":{"line":333,"column":8},"end":{"line":333,"column":10233}}},"branchMap":{"1":{"line":250,"type":"if","locations":[{"start":{"line":250,"column":8},"end":{"line":250,"column":8}},{"start":{"line":250,"column":8},"end":{"line":250,"column":8}}]},"2":{"line":251,"type":"if","locations":[{"start":{"line":251,"column":8},"end":{"line":251,"column":8}},{"start":{"line":251,"column":8},"end":{"line":251,"column":8}}]},"3":{"line":271,"type":"if","locations":[{"start":{"line":271,"column":8},"end":{"line":271,"column":8}},{"start":{"line":271,"column":8},"end":{"line":271,"column":8}}]},"4":{"line":290,"type":"if","locations":[{"start":{"line":290,"column":8},"end":{"line":290,"column":8}},{"start":{"line":290,"column":8},"end":{"line":290,"column":8}}]},"5":{"line":318,"type":"if","locations":[{"start":{"line":318,"column":8},"end":{"line":318,"column":8}},{"start":{"line":318,"column":8},"end":{"line":318,"column":8}}]},"6":{"line":319,"type":"if","locations":[{"start":{"line":319,"column":8},"end":{"line":319,"column":8}},{"start":{"line":319,"column":8},"end":{"line":319,"column":8}}]}}},"contracts/TestHelpers/ERC20Mintable.sol":{"l":{"22":0,"23":0},"path":"/Users/maxtaylor/Documents/Labrys/aurox-token/contracts/TestHelpers/ERC20Mintable.sol","s":{"1":0,"2":0},"b":{},"f":{"1":0,"2":0},"fnMap":{"1":{"name":"constructor","line":12,"loc":{"start":{"line":12,"column":4},"end":{"line":12,"column":53}}},"2":{"name":"mint","line":21,"loc":{"start":{"line":21,"column":4},"end":{"line":24,"column":4}}}},"statementMap":{"1":{"start":{"line":22,"column":8},"end":{"line":22,"column":29}},"2":{"start":{"line":23,"column":8},"end":{"line":23,"column":19}}},"branchMap":{}},"contracts/Token/AuroxToken.sol":{"l":{"32":0,"35":0,"42":0,"45":0,"54":0,"71":0,"81":0,"89":0,"100":0,"102":0},"path":"/Users/maxtaylor/Documents/Labrys/aurox-token/contracts/Token/AuroxToken.sol","s":{"1":0,"2":0,"3":0,"4":0,"5":0,"6":0,"7":0,"8":0,"9":0,"10":0},"b":{},"f":{"1":0,"2":0,"3":0,"4":0,"5":0},"fnMap":{"1":{"name":"constructor","line":30,"loc":{"start":{"line":25,"column":4},"end":{"line":46,"column":4}}},"2":{"name":"setAllowance","line":52,"loc":{"start":{"line":49,"column":4},"end":{"line":55,"column":4}}},"3":{"name":"transferAmounts","line":57,"loc":{"start":{"line":57,"column":4},"end":{"line":73,"column":4}}},"4":{"name":"createVestingContracts","line":75,"loc":{"start":{"line":75,"column":4},"end":{"line":96,"column":4}}},"5":{"name":"transferVestingAmounts","line":98,"loc":{"start":{"line":98,"column":4},"end":{"line":103,"column":4}}}},"statementMap":{"1":{"start":{"line":32,"column":8},"end":{"line":32,"column":41}},"2":{"start":{"line":35,"column":8},"end":{"line":35,"column":1157}},"3":{"start":{"line":42,"column":8},"end":{"line":42,"column":65}},"4":{"start":{"line":45,"column":8},"end":{"line":45,"column":31}},"5":{"start":{"line":54,"column":8},"end":{"line":54,"column":62}},"6":{"start":{"line":71,"column":8},"end":{"line":71,"column":44}},"7":{"start":{"line":81,"column":8},"end":{"line":81,"column":2641}},"8":{"start":{"line":89,"column":8},"end":{"line":89,"column":2868}},"9":{"start":{"line":100,"column":8},"end":{"line":100,"column":77}},"10":{"start":{"line":102,"column":8},"end":{"line":102,"column":73}}},"branchMap":{}},"contracts/Token/IAuroxToken.sol":{"l":{},"path":"/Users/maxtaylor/Documents/Labrys/aurox-token/contracts/Token/IAuroxToken.sol","s":{},"b":{},"f":{},"fnMap":{},"statementMap":{},"branchMap":{}},"contracts/Token/TokenVesting.sol":{"l":{"46":0,"50":0,"70":0,"75":0,"79":0,"81":0,"86":0,"87":0,"88":0,"89":0,"90":0,"97":0,"104":0,"111":0,"118":0,"125":0,"132":0,"139":0,"147":0,"149":0,"151":0,"153":0,"155":0,"164":0,"165":0,"170":0,"172":0,"173":0,"175":0,"177":0,"179":0,"187":0,"195":0,"196":0,"198":0,"199":0,"203":0,"205":0},"path":"/Users/maxtaylor/Documents/Labrys/aurox-token/contracts/Token/TokenVesting.sol","s":{"1":0,"2":0,"3":0,"4":0,"5":0,"6":0,"7":0,"8":0,"9":0,"10":0,"11":0,"12":0,"13":0,"14":0,"15":0,"16":0,"17":0,"18":0,"19":0,"20":0,"21":0,"22":0,"23":0,"24":0,"25":0,"26":0,"27":0,"28":0,"29":0,"30":0,"31":0,"32":0,"33":0,"34":0,"35":0,"36":0,"37":0,"38":0},"b":{"1":[0,0],"2":[0,0],"3":[0,0],"4":[0,0],"5":[0,0],"6":[0,0],"7":[0,0],"8":[0,0],"9":[0,0],"10":[0,0]},"f":{"1":0,"2":0,"3":0,"4":0,"5":0,"6":0,"7":0,"8":0,"9":0,"10":0,"11":0,"12":0,"13":0},"fnMap":{"1":{"name":"onlyBeneficiary","line":45,"loc":{"start":{"line":45,"column":4},"end":{"line":51,"column":4}}},"2":{"name":"constructor","line":63,"loc":{"start":{"line":63,"column":4},"end":{"line":91,"column":4}}},"3":{"name":"beneficiary","line":96,"loc":{"start":{"line":96,"column":4},"end":{"line":98,"column":4}}},"4":{"name":"cliff","line":103,"loc":{"start":{"line":103,"column":4},"end":{"line":105,"column":4}}},"5":{"name":"start","line":110,"loc":{"start":{"line":110,"column":4},"end":{"line":112,"column":4}}},"6":{"name":"duration","line":117,"loc":{"start":{"line":117,"column":4},"end":{"line":119,"column":4}}},"7":{"name":"revocable","line":124,"loc":{"start":{"line":124,"column":4},"end":{"line":126,"column":4}}},"8":{"name":"released","line":131,"loc":{"start":{"line":131,"column":4},"end":{"line":133,"column":4}}},"9":{"name":"revoked","line":138,"loc":{"start":{"line":138,"column":4},"end":{"line":140,"column":4}}},"10":{"name":"release","line":146,"loc":{"start":{"line":146,"column":4},"end":{"line":156,"column":4}}},"11":{"name":"revoke","line":163,"loc":{"start":{"line":163,"column":4},"end":{"line":180,"column":4}}},"12":{"name":"_releasableAmount","line":186,"loc":{"start":{"line":186,"column":4},"end":{"line":188,"column":4}}},"13":{"name":"_vestedAmount","line":194,"loc":{"start":{"line":194,"column":4},"end":{"line":207,"column":4}}}},"statementMap":{"1":{"start":{"line":46,"column":8},"end":{"line":46,"column":1774}},"2":{"start":{"line":70,"column":8},"end":{"line":70,"column":2732}},"3":{"start":{"line":75,"column":8},"end":{"line":75,"column":2912}},"4":{"start":{"line":79,"column":8},"end":{"line":79,"column":59}},"5":{"start":{"line":81,"column":8},"end":{"line":81,"column":3152}},"6":{"start":{"line":86,"column":8},"end":{"line":86,"column":33}},"7":{"start":{"line":87,"column":8},"end":{"line":87,"column":29}},"8":{"start":{"line":88,"column":8},"end":{"line":88,"column":27}},"9":{"start":{"line":89,"column":8},"end":{"line":89,"column":40}},"10":{"start":{"line":90,"column":8},"end":{"line":90,"column":21}},"11":{"start":{"line":97,"column":8},"end":{"line":97,"column":27}},"12":{"start":{"line":104,"column":8},"end":{"line":104,"column":21}},"13":{"start":{"line":111,"column":8},"end":{"line":111,"column":21}},"14":{"start":{"line":118,"column":8},"end":{"line":118,"column":24}},"15":{"start":{"line":125,"column":8},"end":{"line":125,"column":25}},"16":{"start":{"line":132,"column":8},"end":{"line":132,"column":31}},"17":{"start":{"line":139,"column":8},"end":{"line":139,"column":30}},"18":{"start":{"line":147,"column":8},"end":{"line":147,"column":53}},"19":{"start":{"line":149,"column":8},"end":{"line":149,"column":65}},"20":{"start":{"line":151,"column":8},"end":{"line":151,"column":76}},"21":{"start":{"line":153,"column":8},"end":{"line":153,"column":51}},"22":{"start":{"line":155,"column":8},"end":{"line":155,"column":55}},"23":{"start":{"line":164,"column":8},"end":{"line":164,"column":57}},"24":{"start":{"line":165,"column":8},"end":{"line":165,"column":5434}},"25":{"start":{"line":170,"column":8},"end":{"line":170,"column":56}},"26":{"start":{"line":172,"column":8},"end":{"line":172,"column":53}},"27":{"start":{"line":173,"column":8},"end":{"line":173,"column":48}},"28":{"start":{"line":175,"column":8},"end":{"line":175,"column":38}},"29":{"start":{"line":177,"column":8},"end":{"line":177,"column":42}},"30":{"start":{"line":179,"column":8},"end":{"line":179,"column":48}},"31":{"start":{"line":187,"column":8},"end":{"line":187,"column":66}},"32":{"start":{"line":195,"column":8},"end":{"line":195,"column":63}},"33":{"start":{"line":196,"column":8},"end":{"line":196,"column":76}},"34":{"start":{"line":198,"column":8},"end":{"line":198,"column":6520}},"35":{"start":{"line":199,"column":12},"end":{"line":199,"column":20}},"36":{"start":{"line":200,"column":15},"end":{"line":200,"column":6589}},"37":{"start":{"line":203,"column":12},"end":{"line":203,"column":31}},"38":{"start":{"line":205,"column":12},"end":{"line":205,"column":79}}},"branchMap":{"1":{"line":46,"type":"if","locations":[{"start":{"line":46,"column":8},"end":{"line":46,"column":8}},{"start":{"line":46,"column":8},"end":{"line":46,"column":8}}]},"2":{"line":70,"type":"if","locations":[{"start":{"line":70,"column":8},"end":{"line":70,"column":8}},{"start":{"line":70,"column":8},"end":{"line":70,"column":8}}]},"3":{"line":75,"type":"if","locations":[{"start":{"line":75,"column":8},"end":{"line":75,"column":8}},{"start":{"line":75,"column":8},"end":{"line":75,"column":8}}]},"4":{"line":79,"type":"if","locations":[{"start":{"line":79,"column":8},"end":{"line":79,"column":8}},{"start":{"line":79,"column":8},"end":{"line":79,"column":8}}]},"5":{"line":81,"type":"if","locations":[{"start":{"line":81,"column":8},"end":{"line":81,"column":8}},{"start":{"line":81,"column":8},"end":{"line":81,"column":8}}]},"6":{"line":149,"type":"if","locations":[{"start":{"line":149,"column":8},"end":{"line":149,"column":8}},{"start":{"line":149,"column":8},"end":{"line":149,"column":8}}]},"7":{"line":164,"type":"if","locations":[{"start":{"line":164,"column":8},"end":{"line":164,"column":8}},{"start":{"line":164,"column":8},"end":{"line":164,"column":8}}]},"8":{"line":165,"type":"if","locations":[{"start":{"line":165,"column":8},"end":{"line":165,"column":8}},{"start":{"line":165,"column":8},"end":{"line":165,"column":8}}]},"9":{"line":198,"type":"if","locations":[{"start":{"line":198,"column":8},"end":{"line":198,"column":8}},{"start":{"line":198,"column":8},"end":{"line":198,"column":8}}]},"10":{"line":200,"type":"if","locations":[{"start":{"line":200,"column":15},"end":{"line":200,"column":15}},{"start":{"line":200,"column":15},"end":{"line":200,"column":15}}]}}},"contracts/Uniswap/IUniswapV2Factory.sol":{"l":{},"path":"/Users/maxtaylor/Documents/Labrys/aurox-token/contracts/Uniswap/IUniswapV2Factory.sol","s":{},"b":{},"f":{},"fnMap":{},"statementMap":{},"branchMap":{}},"contracts/Uniswap/IUniswapV2Router02.sol":{"l":{},"path":"/Users/maxtaylor/Documents/Labrys/aurox-token/contracts/Uniswap/IUniswapV2Router02.sol","s":{},"b":{},"f":{},"fnMap":{},"statementMap":{},"branchMap":{}},"contracts/Vesting/TokenVesting.sol":{"l":{"47":0,"54":0,"61":0,"62":0,"86":0,"91":0,"95":0,"97":0,"102":0,"103":0,"104":0,"105":0,"106":0,"107":0,"114":0,"121":0,"128":0,"135":0,"142":0,"149":0,"156":0,"164":0,"166":0,"168":0,"170":0,"172":0,"181":0,"182":0,"187":0,"189":0,"190":0,"192":0,"194":0,"196":0,"204":0,"212":0,"213":0,"215":0,"216":0,"220":0,"222":0},"path":"/Users/maxtaylor/Documents/Labrys/aurox-token/contracts/Vesting/TokenVesting.sol","s":{"1":0,"2":0,"3":0,"4":0,"5":0,"6":0,"7":0,"8":0,"9":0,"10":0,"11":0,"12":0,"13":0,"14":0,"15":0,"16":0,"17":0,"18":0,"19":0,"20":0,"21":0,"22":0,"23":0,"24":0,"25":0,"26":0,"27":0,"28":0,"29":0,"30":0,"31":0,"32":0,"33":0,"34":0,"35":0,"36":0,"37":0,"38":0,"39":0,"40":0,"41":0},"b":{"1":[0,0],"2":[0,0],"3":[0,0],"4":[0,0],"5":[0,0],"6":[0,0],"7":[0,0],"8":[0,0],"9":[0,0],"10":[0,0]},"f":{"1":0,"2":0,"3":0,"4":0,"5":0,"6":0,"7":0,"8":0,"9":0,"10":0,"11":0,"12":0,"13":0,"14":0,"15":0},"fnMap":{"1":{"name":"isOwner","line":46,"loc":{"start":{"line":46,"column":4},"end":{"line":48,"column":4}}},"2":{"name":"owner","line":53,"loc":{"start":{"line":53,"column":4},"end":{"line":55,"column":4}}},"3":{"name":"onlyOwner","line":60,"loc":{"start":{"line":60,"column":4},"end":{"line":63,"column":4}}},"4":{"name":"create","line":79,"loc":{"start":{"line":79,"column":4},"end":{"line":108,"column":4}}},"5":{"name":"beneficiary","line":113,"loc":{"start":{"line":113,"column":4},"end":{"line":115,"column":4}}},"6":{"name":"cliff","line":120,"loc":{"start":{"line":120,"column":4},"end":{"line":122,"column":4}}},"7":{"name":"start","line":127,"loc":{"start":{"line":127,"column":4},"end":{"line":129,"column":4}}},"8":{"name":"duration","line":134,"loc":{"start":{"line":134,"column":4},"end":{"line":136,"column":4}}},"9":{"name":"revocable","line":141,"loc":{"start":{"line":141,"column":4},"end":{"line":143,"column":4}}},"10":{"name":"released","line":148,"loc":{"start":{"line":148,"column":4},"end":{"line":150,"column":4}}},"11":{"name":"revoked","line":155,"loc":{"start":{"line":155,"column":4},"end":{"line":157,"column":4}}},"12":{"name":"release","line":163,"loc":{"start":{"line":163,"column":4},"end":{"line":173,"column":4}}},"13":{"name":"revoke","line":180,"loc":{"start":{"line":180,"column":4},"end":{"line":197,"column":4}}},"14":{"name":"_releasableAmount","line":203,"loc":{"start":{"line":203,"column":4},"end":{"line":205,"column":4}}},"15":{"name":"_vestedAmount","line":211,"loc":{"start":{"line":211,"column":4},"end":{"line":224,"column":4}}}},"statementMap":{"1":{"start":{"line":47,"column":8},"end":{"line":47,"column":37}},"2":{"start":{"line":54,"column":8},"end":{"line":54,"column":21}},"3":{"start":{"line":61,"column":8},"end":{"line":61,"column":61}},"4":{"start":{"line":86,"column":8},"end":{"line":86,"column":3057}},"5":{"start":{"line":91,"column":8},"end":{"line":91,"column":3237}},"6":{"start":{"line":95,"column":8},"end":{"line":95,"column":59}},"7":{"start":{"line":97,"column":8},"end":{"line":97,"column":3477}},"8":{"start":{"line":102,"column":8},"end":{"line":102,"column":33}},"9":{"start":{"line":103,"column":8},"end":{"line":103,"column":29}},"10":{"start":{"line":104,"column":8},"end":{"line":104,"column":27}},"11":{"start":{"line":105,"column":8},"end":{"line":105,"column":40}},"12":{"start":{"line":106,"column":8},"end":{"line":106,"column":21}},"13":{"start":{"line":107,"column":8},"end":{"line":107,"column":28}},"14":{"start":{"line":114,"column":8},"end":{"line":114,"column":27}},"15":{"start":{"line":121,"column":8},"end":{"line":121,"column":21}},"16":{"start":{"line":128,"column":8},"end":{"line":128,"column":21}},"17":{"start":{"line":135,"column":8},"end":{"line":135,"column":24}},"18":{"start":{"line":142,"column":8},"end":{"line":142,"column":25}},"19":{"start":{"line":149,"column":8},"end":{"line":149,"column":31}},"20":{"start":{"line":156,"column":8},"end":{"line":156,"column":30}},"21":{"start":{"line":164,"column":8},"end":{"line":164,"column":53}},"22":{"start":{"line":166,"column":8},"end":{"line":166,"column":65}},"23":{"start":{"line":168,"column":8},"end":{"line":168,"column":76}},"24":{"start":{"line":170,"column":8},"end":{"line":170,"column":51}},"25":{"start":{"line":172,"column":8},"end":{"line":172,"column":55}},"26":{"start":{"line":181,"column":8},"end":{"line":181,"column":57}},"27":{"start":{"line":182,"column":8},"end":{"line":182,"column":5784}},"28":{"start":{"line":187,"column":8},"end":{"line":187,"column":56}},"29":{"start":{"line":189,"column":8},"end":{"line":189,"column":53}},"30":{"start":{"line":190,"column":8},"end":{"line":190,"column":48}},"31":{"start":{"line":192,"column":8},"end":{"line":192,"column":38}},"32":{"start":{"line":194,"column":8},"end":{"line":194,"column":42}},"33":{"start":{"line":196,"column":8},"end":{"line":196,"column":48}},"34":{"start":{"line":204,"column":8},"end":{"line":204,"column":66}},"35":{"start":{"line":212,"column":8},"end":{"line":212,"column":63}},"36":{"start":{"line":213,"column":8},"end":{"line":213,"column":76}},"37":{"start":{"line":215,"column":8},"end":{"line":215,"column":6869}},"38":{"start":{"line":216,"column":12},"end":{"line":216,"column":20}},"39":{"start":{"line":217,"column":15},"end":{"line":217,"column":6938}},"40":{"start":{"line":220,"column":12},"end":{"line":220,"column":31}},"41":{"start":{"line":222,"column":12},"end":{"line":222,"column":79}}},"branchMap":{"1":{"line":61,"type":"if","locations":[{"start":{"line":61,"column":8},"end":{"line":61,"column":8}},{"start":{"line":61,"column":8},"end":{"line":61,"column":8}}]},"2":{"line":86,"type":"if","locations":[{"start":{"line":86,"column":8},"end":{"line":86,"column":8}},{"start":{"line":86,"column":8},"end":{"line":86,"column":8}}]},"3":{"line":91,"type":"if","locations":[{"start":{"line":91,"column":8},"end":{"line":91,"column":8}},{"start":{"line":91,"column":8},"end":{"line":91,"column":8}}]},"4":{"line":95,"type":"if","locations":[{"start":{"line":95,"column":8},"end":{"line":95,"column":8}},{"start":{"line":95,"column":8},"end":{"line":95,"column":8}}]},"5":{"line":97,"type":"if","locations":[{"start":{"line":97,"column":8},"end":{"line":97,"column":8}},{"start":{"line":97,"column":8},"end":{"line":97,"column":8}}]},"6":{"line":166,"type":"if","locations":[{"start":{"line":166,"column":8},"end":{"line":166,"column":8}},{"start":{"line":166,"column":8},"end":{"line":166,"column":8}}]},"7":{"line":181,"type":"if","locations":[{"start":{"line":181,"column":8},"end":{"line":181,"column":8}},{"start":{"line":181,"column":8},"end":{"line":181,"column":8}}]},"8":{"line":182,"type":"if","locations":[{"start":{"line":182,"column":8},"end":{"line":182,"column":8}},{"start":{"line":182,"column":8},"end":{"line":182,"column":8}}]},"9":{"line":215,"type":"if","locations":[{"start":{"line":215,"column":8},"end":{"line":215,"column":8}},{"start":{"line":215,"column":8},"end":{"line":215,"column":8}}]},"10":{"line":217,"type":"if","locations":[{"start":{"line":217,"column":15},"end":{"line":217,"column":15}},{"start":{"line":217,"column":15},"end":{"line":217,"column":15}}]}}},"contracts/Vesting/VestingFactory.sol":{"l":{"12":18,"13":18,"23":0,"24":0,"26":0,"33":0,"37":0,"38":0,"58":0,"59":0},"path":"/Users/maxtaylor/Documents/Labrys/aurox-token/contracts/Vesting/VestingFactory.sol","s":{"1":18,"2":18,"3":0,"4":0,"5":0,"6":0,"7":0,"8":0},"b":{},"f":{"1":18,"2":0,"3":0,"4":0},"fnMap":{"1":{"name":"constructor","line":11,"loc":{"start":{"line":11,"column":4},"end":{"line":14,"column":4}}},"2":{"name":"createVestingContract","line":16,"loc":{"start":{"line":16,"column":4},"end":{"line":34,"column":4}}},"3":{"name":"createClone","line":36,"loc":{"start":{"line":36,"column":4},"end":{"line":51,"column":4}}},"4":{"name":"isClone","line":53,"loc":{"start":{"line":53,"column":4},"end":{"line":78,"column":4}}}},"statementMap":{"1":{"start":{"line":12,"column":8},"end":{"line":12,"column":64}},"2":{"start":{"line":13,"column":8},"end":{"line":13,"column":48}},"3":{"start":{"line":23,"column":8},"end":{"line":23,"column":64}},"4":{"start":{"line":24,"column":8},"end":{"line":24,"column":75}},"5":{"start":{"line":26,"column":8},"end":{"line":26,"column":745}},"6":{"start":{"line":33,"column":8},"end":{"line":33,"column":27}},"7":{"start":{"line":37,"column":8},"end":{"line":37,"column":45}},"8":{"start":{"line":58,"column":8},"end":{"line":58,"column":45}}},"branchMap":{}}}